(82115, 'nouns')
(658875, 'hypernyms')
(1176, 'targets')
(18232, 'target hypernyms')
0 epoch and 0 attempt
/opt/conda/envs/pytorch-py27/lib/python2.7/site-packages/torch/tensor.py:306: UserWarning: other is not broadcastable to self, but they have the same number of elements.  Falling back to deprecated pointwise behavior.
  return self.sub_(other)
0 epoch and 1000 attempt
0 epoch and 2000 attempt
0 epoch and 3000 attempt
0 epoch and 4000 attempt
0 epoch and 5000 attempt
0 epoch and 6000 attempt
0 epoch and 7000 attempt
0 epoch and 8000 attempt
0 epoch and 9000 attempt
0 epoch and 10000 attempt
0 epoch and 11000 attempt
0 epoch and 12000 attempt
0 epoch and 13000 attempt
0 epoch and 14000 attempt
0 epoch and 15000 attempt
0 epoch and 16000 attempt
0 epoch and 17000 attempt
0 epoch and 18000 attempt
1 epoch and 0 attempt
1 epoch and 1000 attempt
1 epoch and 2000 attempt
1 epoch and 3000 attempt
1 epoch and 4000 attempt
1 epoch and 5000 attempt
1 epoch and 6000 attempt
1 epoch and 7000 attempt
1 epoch and 8000 attempt
1 epoch and 9000 attempt
1 epoch and 10000 attempt
1 epoch and 11000 attempt
1 epoch and 12000 attempt
1 epoch and 13000 attempt
1 epoch and 14000 attempt
1 epoch and 15000 attempt
1 epoch and 16000 attempt
1 epoch and 17000 attempt
1 epoch and 18000 attempt
2 epoch and 0 attempt
2 epoch and 1000 attempt
2 epoch and 2000 attempt
2 epoch and 3000 attempt
2 epoch and 4000 attempt
2 epoch and 5000 attempt
2 epoch and 6000 attempt
2 epoch and 7000 attempt
2 epoch and 8000 attempt
2 epoch and 9000 attempt
2 epoch and 10000 attempt
2 epoch and 11000 attempt
2 epoch and 12000 attempt
2 epoch and 13000 attempt
2 epoch and 14000 attempt
2 epoch and 15000 attempt
2 epoch and 16000 attempt
2 epoch and 17000 attempt
2 epoch and 18000 attempt
3 epoch and 0 attempt
3 epoch and 1000 attempt
3 epoch and 2000 attempt
3 epoch and 3000 attempt
3 epoch and 4000 attempt
3 epoch and 5000 attempt
3 epoch and 6000 attempt
3 epoch and 7000 attempt
3 epoch and 8000 attempt
3 epoch and 9000 attempt
3 epoch and 10000 attempt
3 epoch and 11000 attempt
3 epoch and 12000 attempt
3 epoch and 13000 attempt
3 epoch and 14000 attempt
3 epoch and 15000 attempt
3 epoch and 16000 attempt
3 epoch and 17000 attempt
3 epoch and 18000 attempt
4 epoch and 0 attempt
4 epoch and 1000 attempt
4 epoch and 2000 attempt
4 epoch and 3000 attempt
4 epoch and 4000 attempt
4 epoch and 5000 attempt
4 epoch and 6000 attempt
4 epoch and 7000 attempt
4 epoch and 8000 attempt
4 epoch and 9000 attempt
4 epoch and 10000 attempt
4 epoch and 11000 attempt
4 epoch and 12000 attempt
4 epoch and 13000 attempt
4 epoch and 14000 attempt
4 epoch and 15000 attempt
4 epoch and 16000 attempt
4 epoch and 17000 attempt
4 epoch and 18000 attempt
5 epoch and 0 attempt
5 epoch and 1000 attempt
5 epoch and 2000 attempt
5 epoch and 3000 attempt
5 epoch and 4000 attempt
5 epoch and 5000 attempt
5 epoch and 6000 attempt
5 epoch and 7000 attempt
5 epoch and 8000 attempt
5 epoch and 9000 attempt
5 epoch and 10000 attempt
5 epoch and 11000 attempt
5 epoch and 12000 attempt
5 epoch and 13000 attempt
5 epoch and 14000 attempt
5 epoch and 15000 attempt
5 epoch and 16000 attempt
5 epoch and 17000 attempt
5 epoch and 18000 attempt
6 epoch and 0 attempt
6 epoch and 1000 attempt
6 epoch and 2000 attempt
6 epoch and 3000 attempt
6 epoch and 4000 attempt
6 epoch and 5000 attempt
6 epoch and 6000 attempt
6 epoch and 7000 attempt
6 epoch and 8000 attempt
6 epoch and 9000 attempt
6 epoch and 10000 attempt
6 epoch and 11000 attempt
6 epoch and 12000 attempt
6 epoch and 13000 attempt
6 epoch and 14000 attempt
6 epoch and 15000 attempt
6 epoch and 16000 attempt
6 epoch and 17000 attempt
6 epoch and 18000 attempt
7 epoch and 0 attempt
7 epoch and 1000 attempt
7 epoch and 2000 attempt
7 epoch and 3000 attempt
7 epoch and 4000 attempt
7 epoch and 5000 attempt
7 epoch and 6000 attempt
7 epoch and 7000 attempt
7 epoch and 8000 attempt
7 epoch and 9000 attempt
7 epoch and 10000 attempt
7 epoch and 11000 attempt
7 epoch and 12000 attempt
7 epoch and 13000 attempt
7 epoch and 14000 attempt
7 epoch and 15000 attempt
7 epoch and 16000 attempt
7 epoch and 17000 attempt
7 epoch and 18000 attempt
8 epoch and 0 attempt
8 epoch and 1000 attempt
8 epoch and 2000 attempt
8 epoch and 3000 attempt
8 epoch and 4000 attempt
8 epoch and 5000 attempt
8 epoch and 6000 attempt
8 epoch and 7000 attempt
8 epoch and 8000 attempt
8 epoch and 9000 attempt
8 epoch and 10000 attempt
8 epoch and 11000 attempt
8 epoch and 12000 attempt
8 epoch and 13000 attempt
8 epoch and 14000 attempt
8 epoch and 15000 attempt
8 epoch and 16000 attempt
8 epoch and 17000 attempt
8 epoch and 18000 attempt
9 epoch and 0 attempt
9 epoch and 1000 attempt
9 epoch and 2000 attempt
9 epoch and 3000 attempt
9 epoch and 4000 attempt
9 epoch and 5000 attempt
9 epoch and 6000 attempt
9 epoch and 7000 attempt
9 epoch and 8000 attempt
9 epoch and 9000 attempt
9 epoch and 10000 attempt
9 epoch and 11000 attempt
9 epoch and 12000 attempt
9 epoch and 13000 attempt
9 epoch and 14000 attempt
9 epoch and 15000 attempt
9 epoch and 16000 attempt
9 epoch and 17000 attempt
9 epoch and 18000 attempt
10 epoch and 0 attempt
10 epoch and 1000 attempt
10 epoch and 2000 attempt
10 epoch and 3000 attempt
10 epoch and 4000 attempt
10 epoch and 5000 attempt
10 epoch and 6000 attempt
10 epoch and 7000 attempt
10 epoch and 8000 attempt
10 epoch and 9000 attempt
10 epoch and 10000 attempt
10 epoch and 11000 attempt
10 epoch and 12000 attempt
10 epoch and 13000 attempt
10 epoch and 14000 attempt
10 epoch and 15000 attempt
10 epoch and 16000 attempt
10 epoch and 17000 attempt
10 epoch and 18000 attempt
11 epoch and 0 attempt
11 epoch and 1000 attempt
11 epoch and 2000 attempt
11 epoch and 3000 attempt
11 epoch and 4000 attempt
11 epoch and 5000 attempt
11 epoch and 6000 attempt
11 epoch and 7000 attempt
11 epoch and 8000 attempt
11 epoch and 9000 attempt
11 epoch and 10000 attempt
11 epoch and 11000 attempt
11 epoch and 12000 attempt
11 epoch and 13000 attempt
11 epoch and 14000 attempt
11 epoch and 15000 attempt
11 epoch and 16000 attempt
11 epoch and 17000 attempt
11 epoch and 18000 attempt
12 epoch and 0 attempt
12 epoch and 1000 attempt
12 epoch and 2000 attempt
12 epoch and 3000 attempt
12 epoch and 4000 attempt
12 epoch and 5000 attempt
12 epoch and 6000 attempt
12 epoch and 7000 attempt
12 epoch and 8000 attempt
12 epoch and 9000 attempt
12 epoch and 10000 attempt
12 epoch and 11000 attempt
12 epoch and 12000 attempt
12 epoch and 13000 attempt
12 epoch and 14000 attempt
12 epoch and 15000 attempt
12 epoch and 16000 attempt
12 epoch and 17000 attempt
12 epoch and 18000 attempt
13 epoch and 0 attempt
13 epoch and 1000 attempt
13 epoch and 2000 attempt
13 epoch and 3000 attempt
13 epoch and 4000 attempt
13 epoch and 5000 attempt
13 epoch and 6000 attempt
13 epoch and 7000 attempt
13 epoch and 8000 attempt
13 epoch and 9000 attempt
13 epoch and 10000 attempt
13 epoch and 11000 attempt
13 epoch and 12000 attempt
13 epoch and 13000 attempt
13 epoch and 14000 attempt
13 epoch and 15000 attempt
13 epoch and 16000 attempt
13 epoch and 17000 attempt
13 epoch and 18000 attempt
14 epoch and 0 attempt
14 epoch and 1000 attempt
14 epoch and 2000 attempt
14 epoch and 3000 attempt
14 epoch and 4000 attempt
14 epoch and 5000 attempt
14 epoch and 6000 attempt
14 epoch and 7000 attempt
14 epoch and 8000 attempt
14 epoch and 9000 attempt
14 epoch and 10000 attempt
14 epoch and 11000 attempt
14 epoch and 12000 attempt
14 epoch and 13000 attempt
14 epoch and 14000 attempt
14 epoch and 15000 attempt
14 epoch and 16000 attempt
14 epoch and 17000 attempt
14 epoch and 18000 attempt
15 epoch and 0 attempt
15 epoch and 1000 attempt
15 epoch and 2000 attempt
15 epoch and 3000 attempt
15 epoch and 4000 attempt
15 epoch and 5000 attempt
15 epoch and 6000 attempt
15 epoch and 7000 attempt
15 epoch and 8000 attempt
15 epoch and 9000 attempt
15 epoch and 10000 attempt
15 epoch and 11000 attempt
15 epoch and 12000 attempt
15 epoch and 13000 attempt
15 epoch and 14000 attempt
15 epoch and 15000 attempt
15 epoch and 16000 attempt
15 epoch and 17000 attempt
15 epoch and 18000 attempt
16 epoch and 0 attempt
16 epoch and 1000 attempt
16 epoch and 2000 attempt
16 epoch and 3000 attempt
16 epoch and 4000 attempt
16 epoch and 5000 attempt
16 epoch and 6000 attempt
16 epoch and 7000 attempt
16 epoch and 8000 attempt
16 epoch and 9000 attempt
16 epoch and 10000 attempt
16 epoch and 11000 attempt
16 epoch and 12000 attempt
16 epoch and 13000 attempt
16 epoch and 14000 attempt
16 epoch and 15000 attempt
16 epoch and 16000 attempt
16 epoch and 17000 attempt
16 epoch and 18000 attempt
17 epoch and 0 attempt
17 epoch and 1000 attempt
17 epoch and 2000 attempt
17 epoch and 3000 attempt
17 epoch and 4000 attempt
17 epoch and 5000 attempt
17 epoch and 6000 attempt
17 epoch and 7000 attempt
17 epoch and 8000 attempt
17 epoch and 9000 attempt
17 epoch and 10000 attempt
17 epoch and 11000 attempt
17 epoch and 12000 attempt
17 epoch and 13000 attempt
17 epoch and 14000 attempt
17 epoch and 15000 attempt
17 epoch and 16000 attempt
17 epoch and 17000 attempt
17 epoch and 18000 attempt
18 epoch and 0 attempt
18 epoch and 1000 attempt
18 epoch and 2000 attempt
18 epoch and 3000 attempt
18 epoch and 4000 attempt
18 epoch and 5000 attempt
18 epoch and 6000 attempt
18 epoch and 7000 attempt
18 epoch and 8000 attempt
18 epoch and 9000 attempt
18 epoch and 10000 attempt
18 epoch and 11000 attempt
18 epoch and 12000 attempt
18 epoch and 13000 attempt
18 epoch and 14000 attempt
18 epoch and 15000 attempt
18 epoch and 16000 attempt
18 epoch and 17000 attempt
18 epoch and 18000 attempt
19 epoch and 0 attempt
19 epoch and 1000 attempt
19 epoch and 2000 attempt
19 epoch and 3000 attempt
19 epoch and 4000 attempt
19 epoch and 5000 attempt
19 epoch and 6000 attempt
19 epoch and 7000 attempt
19 epoch and 8000 attempt
19 epoch and 9000 attempt
19 epoch and 10000 attempt
19 epoch and 11000 attempt
19 epoch and 12000 attempt
19 epoch and 13000 attempt
19 epoch and 14000 attempt
19 epoch and 15000 attempt
19 epoch and 16000 attempt
19 epoch and 17000 attempt
19 epoch and 18000 attempt
